2017-05-02 12:14:59,768 WARN 35836 [-/127.0.0.1/-/3ms POST /login] missing csrf token. See https://eggjs.org/zh-cn/core/security.html#安全威胁csrf的防范
2017-05-02 12:14:59,774 WARN 35836 [-/127.0.0.1/-/8ms POST /login] nodejs.ForbiddenError: missing csrf token
    at Object.throw (/Users/liudong/Documents/website/8jk/node_modules/._koa@1.4.0@koa/lib/context.js:89:23)
    at Object.assertCsrf (/Users/liudong/Documents/website/8jk/node_modules/._egg-security@1.9.0@egg-security/app/extend/context.js:133:17)
    at Object.csrf (/Users/liudong/Documents/website/8jk/node_modules/._egg-security@1.9.0@egg-security/lib/middlewares/csrf.js:30:10)
    at next (native)
    at Object.<anonymous> (/Users/liudong/Documents/website/8jk/node_modules/._koa-compose@2.5.1@koa-compose/index.js:28:19)
    at next (native)
    at onFulfilled (/Users/liudong/Documents/website/8jk/node_modules/._co@4.6.0@co/index.js:65:19)
    at /Users/liudong/Documents/website/8jk/node_modules/._co@4.6.0@co/index.js:54:5
    at Object.co (/Users/liudong/Documents/website/8jk/node_modules/._co@4.6.0@co/index.js:50:10)
    at Object.toPromise (/Users/liudong/Documents/website/8jk/node_modules/._co@4.6.0@co/index.js:118:63)
    at next (/Users/liudong/Documents/website/8jk/node_modules/._co@4.6.0@co/index.js:99:29)
    at onFulfilled (/Users/liudong/Documents/website/8jk/node_modules/._co@4.6.0@co/index.js:69:7)
    at /Users/liudong/Documents/website/8jk/node_modules/._co@4.6.0@co/index.js:54:5
    at Object.co (/Users/liudong/Documents/website/8jk/node_modules/._co@4.6.0@co/index.js:50:10)
    at Object.toPromise (/Users/liudong/Documents/website/8jk/node_modules/._co@4.6.0@co/index.js:118:63)
    at next (/Users/liudong/Documents/website/8jk/node_modules/._co@4.6.0@co/index.js:99:29)
message: 'missing csrf token'
pid: 35836
hostname: liud.local

