2017-05-09 14:52:12,489 ERROR 66049 [-/127.0.0.1/-/8ms GET /api/v1/] nodejs.JsonWebTokenError: invalid token
    at GeneratorFunction.JWT.verify (/Users/liudong/Documents/website/8jk/node_modules/._jsonwebtoken@5.7.0@jsonwebtoken/index.js:201:17)
    at IndexController.index (/Users/liudong/Documents/website/8jk/app/controller/v1/index.js:6:27)
    at next (native)
    at onFulfilled (/Users/liudong/Documents/website/8jk/node_modules/._co@4.6.0@co/index.js:65:19)
    at /Users/liudong/Documents/website/8jk/node_modules/._co@4.6.0@co/index.js:54:5
    at Object.co (/Users/liudong/Documents/website/8jk/node_modules/._co@4.6.0@co/index.js:50:10)
    at Object.toPromise (/Users/liudong/Documents/website/8jk/node_modules/._co@4.6.0@co/index.js:118:63)
    at next (/Users/liudong/Documents/website/8jk/node_modules/._co@4.6.0@co/index.js:99:29)
    at onFulfilled (/Users/liudong/Documents/website/8jk/node_modules/._co@4.6.0@co/index.js:69:7)
    at /Users/liudong/Documents/website/8jk/node_modules/._co@4.6.0@co/index.js:54:5
    at Object.co (/Users/liudong/Documents/website/8jk/node_modules/._co@4.6.0@co/index.js:50:10)
    at Object.toPromise (/Users/liudong/Documents/website/8jk/node_modules/._co@4.6.0@co/index.js:118:63)
    at next (/Users/liudong/Documents/website/8jk/node_modules/._co@4.6.0@co/index.js:99:29)
    at onFulfilled (/Users/liudong/Documents/website/8jk/node_modules/._co@4.6.0@co/index.js:69:7)
    at /Users/liudong/Documents/website/8jk/node_modules/._co@4.6.0@co/index.js:54:5
    at Object.co (/Users/liudong/Documents/website/8jk/node_modules/._co@4.6.0@co/index.js:50:10)
name: 'JsonWebTokenError'
message: 'invalid token'
pid: 66049
hostname: liud.local

2017-05-09 16:03:20,074 ERROR 66714 [-/127.0.0.1/-/29ms POST /auth] nodejs.TypeError: Cannot read property 'findOne' of undefined
    at AuthController.index (/Users/liudong/Documents/website/8jk/app/controller/auth.js:8:48)
    at next (native)
    at onFulfilled (/Users/liudong/Documents/website/8jk/node_modules/._co@4.6.0@co/index.js:65:19)
    at /Users/liudong/Documents/website/8jk/node_modules/._co@4.6.0@co/index.js:54:5
    at Object.co (/Users/liudong/Documents/website/8jk/node_modules/._co@4.6.0@co/index.js:50:10)
    at Object.toPromise (/Users/liudong/Documents/website/8jk/node_modules/._co@4.6.0@co/index.js:118:63)
    at next (/Users/liudong/Documents/website/8jk/node_modules/._co@4.6.0@co/index.js:99:29)
    at onFulfilled (/Users/liudong/Documents/website/8jk/node_modules/._co@4.6.0@co/index.js:69:7)
    at /Users/liudong/Documents/website/8jk/node_modules/._co@4.6.0@co/index.js:54:5
    at Object.co (/Users/liudong/Documents/website/8jk/node_modules/._co@4.6.0@co/index.js:50:10)
    at Object.toPromise (/Users/liudong/Documents/website/8jk/node_modules/._co@4.6.0@co/index.js:118:63)
    at next (/Users/liudong/Documents/website/8jk/node_modules/._co@4.6.0@co/index.js:99:29)
    at onFulfilled (/Users/liudong/Documents/website/8jk/node_modules/._co@4.6.0@co/index.js:69:7)
    at /Users/liudong/Documents/website/8jk/node_modules/._co@4.6.0@co/index.js:54:5
    at Object.co (/Users/liudong/Documents/website/8jk/node_modules/._co@4.6.0@co/index.js:50:10)
    at Object.toPromise (/Users/liudong/Documents/website/8jk/node_modules/._co@4.6.0@co/index.js:118:63)

pid: 66714
hostname: liud.local

2017-05-09 16:04:14,986 ERROR 66748 [-/127.0.0.1/-/28ms POST /auth] nodejs.TypeError: Cannot read property 'findOne' of undefined
    at AuthController.index (/Users/liudong/Documents/website/8jk/app/controller/auth.js:8:48)
    at next (native)
    at onFulfilled (/Users/liudong/Documents/website/8jk/node_modules/._co@4.6.0@co/index.js:65:19)
    at /Users/liudong/Documents/website/8jk/node_modules/._co@4.6.0@co/index.js:54:5
    at Object.co (/Users/liudong/Documents/website/8jk/node_modules/._co@4.6.0@co/index.js:50:10)
    at Object.toPromise (/Users/liudong/Documents/website/8jk/node_modules/._co@4.6.0@co/index.js:118:63)
    at next (/Users/liudong/Documents/website/8jk/node_modules/._co@4.6.0@co/index.js:99:29)
    at onFulfilled (/Users/liudong/Documents/website/8jk/node_modules/._co@4.6.0@co/index.js:69:7)
    at /Users/liudong/Documents/website/8jk/node_modules/._co@4.6.0@co/index.js:54:5
    at Object.co (/Users/liudong/Documents/website/8jk/node_modules/._co@4.6.0@co/index.js:50:10)
    at Object.toPromise (/Users/liudong/Documents/website/8jk/node_modules/._co@4.6.0@co/index.js:118:63)
    at next (/Users/liudong/Documents/website/8jk/node_modules/._co@4.6.0@co/index.js:99:29)
    at onFulfilled (/Users/liudong/Documents/website/8jk/node_modules/._co@4.6.0@co/index.js:69:7)
    at /Users/liudong/Documents/website/8jk/node_modules/._co@4.6.0@co/index.js:54:5
    at Object.co (/Users/liudong/Documents/website/8jk/node_modules/._co@4.6.0@co/index.js:50:10)
    at Object.toPromise (/Users/liudong/Documents/website/8jk/node_modules/._co@4.6.0@co/index.js:118:63)

pid: 66748
hostname: liud.local

